[2016-07-27 00:00:26]Tidak dapat tersambung ke database.Message: Authentication to host '216.218.192.170' for user 'zoenesa_agung' using method 'mysql_native_password' failed with message: Access denied for user 'zoenesa_agung'@'115.178.%' to database 'zoenesa_dbapps'

[2016-07-27 00:00:39]Tidak dapat tersambung ke database.Message: Authentication to host '216.218.192.170' for user 'zoenesa_agung' using method 'mysql_native_password' failed with message: Access denied for user 'zoenesa_agung'@'115.178.%' to database 'zoenesa_dbapps1'

[2016-07-27 00:00:47]Tidak dapat tersambung ke database.Message: Authentication to host '216.218.192.170' for user 'zoenesa_agung' using method 'mysql_native_password' failed with message: Access denied for user 'zoenesa_agung'@'115.178.%' to database 'zoenesa_dbapps'

[2016-07-27 00:03:25]Tidak dapat tersambung ke database.Message: Authentication to host '216.218.192.170' for user 'zoenesa_agung' using method 'mysql_native_password' failed with message: Access denied for user 'zoenesa_agung'@'115.178.%' to database 'zoenesa_db'

[2016-07-27 00:03:56]Tidak dapat tersambung ke database.Message: Authentication to host '216.218.192.170' for user 'zoenesa_agung' using method 'mysql_native_password' failed with message: Access denied for user 'zoenesa_agung'@'115.178.%' to database 'zoenesa_db'

[2016-07-27 00:05:22]Tidak dapat tersambung ke database.Message: Table 'zoenesa_db.datatemp' doesn't exist

[2016-07-27 00:11:13]Tidak dapat tersambung ke database.Message: Unable to connect to any of the specified MySQL hosts.

[2016-07-27 00:11:21]Tidak dapat tersambung ke database.Message: Unable to connect to any of the specified MySQL hosts.

[2016-07-27 00:11:36]Tidak dapat tersambung ke database.Message: Unable to connect to any of the specified MySQL hosts.

[2016-07-27 00:11:41]Tidak dapat tersambung ke database.Message: Unable to connect to any of the specified MySQL hosts.

[2016-07-27 00:25:47]Tidak dapat tersambung ke database.Message: Unable to connect to any of the specified MySQL hosts.

[2016-07-27 01:42:35]Tidak dapat tersambung ke database.Message: Authentication to host 'localhost' for user 'root' using method 'mysql_native_password' failed with message: Access denied for user 'root'@'localhost' (using password: YES)

[2016-07-27 16:53:58]Failed (cek_existing_Invoice).Message : Fatal error encountered during command execution.

[2016-07-27 16:53:58]Failed (cek_existing_Invoice).Message : Conversion from string "Barang" to type 'Integer' is not valid.

[2016-07-27 16:54:06]Failed (cek_existing_Invoice).Message : You have an error in your SQL syntax; check the manual that corresponds to your MySQL server version for the right syntax to use near ''PT. SRIARTAMA SUKSES' at line 1

[2016-07-27 16:54:06]Failed (cek_existing_Invoice).Message : Conversion from string "Barang" to type 'Integer' is not valid.

[2016-07-27 16:54:07]Failed (cek_existing_Invoice).Message : You have an error in your SQL syntax; check the manual that corresponds to your MySQL server version for the right syntax to use near ''PT. HUNIPERSADA CITRANUSA' at line 1

[2016-07-27 16:54:07]Failed (cek_existing_Invoice).Message : Conversion from string "Barang" to type 'Integer' is not valid.

[2016-07-27 16:54:08]Failed (cek_existing_Invoice).Message : You have an error in your SQL syntax; check the manual that corresponds to your MySQL server version for the right syntax to use near ''PT. HUNIPERSADA CITRANUSA' at line 1

[2016-07-27 16:54:08]Failed (cek_existing_Invoice).Message : Conversion from string "Barang" to type 'Integer' is not valid.

[2016-07-27 16:54:09]Failed (cek_existing_Invoice).Message : You have an error in your SQL syntax; check the manual that corresponds to your MySQL server version for the right syntax to use near ''PT. SERUNI HARUMMAS' at line 1

[2016-07-27 16:54:09]Failed (cek_existing_Invoice).Message : Conversion from string "Barang" to type 'Integer' is not valid.

[2016-07-27 16:54:10]Failed (cek_existing_Invoice).Message : You have an error in your SQL syntax; check the manual that corresponds to your MySQL server version for the right syntax to use near ''PT. SERUNI HARUMMAS' at line 1

[2016-07-27 16:54:10]Failed (cek_existing_Invoice).Message : Conversion from string "Barang" to type 'Integer' is not valid.

[2016-07-27 16:54:11]Failed (cek_existing_Invoice).Message : You have an error in your SQL syntax; check the manual that corresponds to your MySQL server version for the right syntax to use near ''PT. SURYA PRATAMA' at line 1

[2016-07-27 16:54:12]Failed (cek_existing_Invoice).Message : Conversion from string "Barang" to type 'Integer' is not valid.

[2016-07-27 16:54:13]Failed (cek_existing_Invoice).Message : You have an error in your SQL syntax; check the manual that corresponds to your MySQL server version for the right syntax to use near ''PT. SURYA PRATAMA' at line 1

[2016-07-27 16:54:13]Failed (cek_existing_Invoice).Message : Conversion from string "Barang" to type 'Integer' is not valid.

[2016-07-27 16:54:14]Failed (cek_existing_Invoice).Message : You have an error in your SQL syntax; check the manual that corresponds to your MySQL server version for the right syntax to use near ''PT. IKABANGUN ARTISTIKA' at line 1

[2016-07-27 16:54:14]Failed (cek_existing_Invoice).Message : Conversion from string "Barang" to type 'Integer' is not valid.

[2016-07-27 16:54:15]Failed (cek_existing_Invoice).Message : You have an error in your SQL syntax; check the manual that corresponds to your MySQL server version for the right syntax to use near ''PT. IKABANGUN ARTISTIKA' at line 1

[2016-07-27 16:54:15]Failed (cek_existing_Invoice).Message : Conversion from string "Barang" to type 'Integer' is not valid.

[2016-07-27 16:54:16]Failed (cek_existing_Invoice).Message : You have an error in your SQL syntax; check the manual that corresponds to your MySQL server version for the right syntax to use near ''PT. GANDA WISESA MAKMUR' at line 1

[2016-07-27 16:54:16]Failed (cek_existing_Invoice).Message : Conversion from string "Barang" to type 'Integer' is not valid.

[2016-07-27 16:54:17]Failed (cek_existing_Invoice).Message : You have an error in your SQL syntax; check the manual that corresponds to your MySQL server version for the right syntax to use near ''PT. GANDA WISESA MAKMUR' at line 1

[2016-07-27 16:54:17]Failed (cek_existing_Invoice).Message : Conversion from string "Barang" to type 'Integer' is not valid.

[2016-07-27 16:54:19]Failed (cek_existing_Invoice).Message : You have an error in your SQL syntax; check the manual that corresponds to your MySQL server version for the right syntax to use near ''PT. BANGUN PRIMA SENTOSA' at line 1

[2016-07-27 16:54:19]Failed (cek_existing_Invoice).Message : Conversion from string "Barang" to type 'Integer' is not valid.

[2016-07-27 16:54:20]Failed (cek_existing_Invoice).Message : You have an error in your SQL syntax; check the manual that corresponds to your MySQL server version for the right syntax to use near ''PT. BANGUN PRIMA SENTOSA' at line 1

[2016-07-27 16:54:20]Failed (cek_existing_Invoice).Message : Conversion from string "Barang" to type 'Integer' is not valid.

[2016-07-27 16:54:21]Failed (cek_existing_Invoice).Message : You have an error in your SQL syntax; check the manual that corresponds to your MySQL server version for the right syntax to use near ''PT. GRIYARONA ANDALAN PRATAMA' at line 1

[2016-07-27 16:54:21]Failed (cek_existing_Invoice).Message : Conversion from string "Barang" to type 'Integer' is not valid.

[2016-07-27 16:54:22]Failed (cek_existing_Invoice).Message : You have an error in your SQL syntax; check the manual that corresponds to your MySQL server version for the right syntax to use near ''PT. GRIYARONA ANDALAN PRATAMA' at line 1

[2016-07-27 16:54:22]Failed (cek_existing_Invoice).Message : Conversion from string "Barang" to type 'Integer' is not valid.

[2016-07-27 16:54:23]Failed (cek_existing_Invoice).Message : You have an error in your SQL syntax; check the manual that corresponds to your MySQL server version for the right syntax to use near ''PT. LAUTAN GRAHA MAS' at line 1

[2016-07-27 16:54:23]Failed (cek_existing_Invoice).Message : Conversion from string "Barang" to type 'Integer' is not valid.

[2016-07-27 16:54:24]Failed (cek_existing_Invoice).Message : You have an error in your SQL syntax; check the manual that corresponds to your MySQL server version for the right syntax to use near ''PT. MITRA USAHA PERKASA' at line 1

[2016-07-27 16:54:25]Failed (cek_existing_Invoice).Message : Conversion from string "Barang" to type 'Integer' is not valid.

[2016-07-27 16:54:26]Failed (cek_existing_Invoice).Message : You have an error in your SQL syntax; check the manual that corresponds to your MySQL server version for the right syntax to use near ''PT. MITRA USAHA PERKASA' at line 1

[2016-07-27 16:54:26]Failed (cek_existing_Invoice).Message : Conversion from string "Barang" to type 'Integer' is not valid.

[2016-07-27 16:54:27]Failed (cek_existing_Invoice).Message : You have an error in your SQL syntax; check the manual that corresponds to your MySQL server version for the right syntax to use near ''PT. MITRA USAHA PERKASA' at line 1

[2016-07-27 16:54:27]Failed (cek_existing_Invoice).Message : Conversion from string "Barang" to type 'Integer' is not valid.

[2016-07-27 16:54:28]Failed (cek_existing_Invoice).Message : You have an error in your SQL syntax; check the manual that corresponds to your MySQL server version for the right syntax to use near ''PT. MITRA USAHA PERKASA' at line 1

[2016-07-27 16:54:28]Failed (cek_existing_Invoice).Message : Conversion from string "Barang" to type 'Integer' is not valid.

[2016-07-27 16:54:29]Failed (cek_existing_Invoice).Message : You have an error in your SQL syntax; check the manual that corresponds to your MySQL server version for the right syntax to use near ''PT. MITRA USAHA PERKASA' at line 1

[2016-07-27 16:54:29]Failed (cek_existing_Invoice).Message : Conversion from string "Barang" to type 'Integer' is not valid.

[2016-07-27 16:54:31]Failed (cek_existing_Invoice).Message : You have an error in your SQL syntax; check the manual that corresponds to your MySQL server version for the right syntax to use near ''PT. MITRA USAHA PERKASA' at line 1

[2016-07-27 16:54:31]Failed (cek_existing_Invoice).Message : Conversion from string "Barang" to type 'Integer' is not valid.

[2016-07-27 16:54:32]Failed (cek_existing_Invoice).Message : You have an error in your SQL syntax; check the manual that corresponds to your MySQL server version for the right syntax to use near ''PT. MITRA USAHA PERKASA' at line 1

[2016-07-27 16:54:32]Failed (cek_existing_Invoice).Message : Conversion from string "Barang" to type 'Integer' is not valid.

[2016-07-27 16:54:33]Failed (cek_existing_Invoice).Message : You have an error in your SQL syntax; check the manual that corresponds to your MySQL server version for the right syntax to use near ''PT. MITRA USAHA PERKASA' at line 1

[2016-07-27 16:54:33]Failed (cek_existing_Invoice).Message : Conversion from string "Barang" to type 'Integer' is not valid.

[2016-07-27 16:54:34]Failed (cek_existing_Invoice).Message : You have an error in your SQL syntax; check the manual that corresponds to your MySQL server version for the right syntax to use near ''PT. MITRA USAHA PERKASA' at line 1

[2016-07-27 16:54:34]Failed (cek_existing_Invoice).Message : Conversion from string "Barang" to type 'Integer' is not valid.

[2016-07-27 16:54:35]Failed (cek_existing_Invoice).Message : You have an error in your SQL syntax; check the manual that corresponds to your MySQL server version for the right syntax to use near ''PT. ASIA NUSA GRAHA' at line 1

[2016-07-27 16:54:35]Failed (cek_existing_Invoice).Message : Conversion from string "Barang" to type 'Integer' is not valid.

[2016-07-27 16:54:36]Failed (cek_existing_Invoice).Message : You have an error in your SQL syntax; check the manual that corresponds to your MySQL server version for the right syntax to use near ''PT. ASIA NUSA GRAHA' at line 1

[2016-07-27 16:54:36]Failed (cek_existing_Invoice).Message : Conversion from string "Barang" to type 'Integer' is not valid.

[2016-07-27 16:54:38]Failed (cek_existing_Invoice).Message : You have an error in your SQL syntax; check the manual that corresponds to your MySQL server version for the right syntax to use near ''PT. ASIA NUSA GRAHA' at line 1

[2016-07-27 16:54:38]Failed (cek_existing_Invoice).Message : Conversion from string "Barang" to type 'Integer' is not valid.

[2016-07-27 16:54:39]Failed (cek_existing_Invoice).Message : You have an error in your SQL syntax; check the manual that corresponds to your MySQL server version for the right syntax to use near ''PT. LAUTAN GRAHA MAS' at line 1

[2016-07-27 16:54:40]Failed (cek_existing_Invoice).Message : Conversion from string "Barang" to type 'Integer' is not valid.

[2016-07-27 16:54:41]Failed (cek_existing_Invoice).Message : You have an error in your SQL syntax; check the manual that corresponds to your MySQL server version for the right syntax to use near ''PT. LAUTAN GRAHA MAS' at line 1

[2016-07-27 16:54:41]Failed (cek_existing_Invoice).Message : Conversion from string "Barang" to type 'Integer' is not valid.

[2016-07-27 16:54:43]Failed (cek_existing_Invoice).Message : You have an error in your SQL syntax; check the manual that corresponds to your MySQL server version for the right syntax to use near ''PT. BANGUN PRIMA SENTOSA' at line 1

[2016-07-27 16:54:43]Failed (cek_existing_Invoice).Message : Conversion from string "Barang" to type 'Integer' is not valid.

[2016-07-27 16:54:44]Failed (cek_existing_Invoice).Message : You have an error in your SQL syntax; check the manual that corresponds to your MySQL server version for the right syntax to use near ''PT. BANGUN PRIMA SENTOSA' at line 1

[2016-07-27 16:54:44]Failed (cek_existing_Invoice).Message : Conversion from string "Barang" to type 'Integer' is not valid.

[2016-07-27 21:49:03]The system cannot find the file specified

[2016-07-27 21:50:14]The system cannot find the file specified

[2016-07-27 21:50:52]The system cannot find the file specified

[2016-07-27 22:10:06]The system cannot find the file specified

